c:\users\94842\source\repos\opengl_learn\learnopengl\x64\debug\vc142.pdb
c:\users\94842\source\repos\opengl_learn\learnopengl\x64\debug\vc142.idb
c:\users\94842\source\repos\opengl_learn\learnopengl\x64\debug\glad.obj
c:\users\94842\source\repos\opengl_learn\learnopengl\x64\debug\shader.obj
c:\users\94842\source\repos\opengl_learn\learnopengl\x64\debug\main.obj
c:\users\94842\source\repos\opengl_learn\learnopengl\x64\debug\texture.obj
c:\users\94842\source\repos\opengl_learn\learnopengl\x64\debug\icon.obj
c:\users\94842\source\repos\opengl_learn\learnopengl\x64\debug\learnopengl.exe
c:\users\94842\source\repos\opengl_learn\learnopengl\x64\debug\learnopengl.ilk
c:\users\94842\source\repos\opengl_learn\learnopengl\x64\debug\learnopengl.pdb
c:\users\94842\source\repos\opengl_learn\learnopengl\x64\debug\learnopengl.tlog\cl.command.1.tlog
c:\users\94842\source\repos\opengl_learn\learnopengl\x64\debug\learnopengl.tlog\cl.read.1.tlog
c:\users\94842\source\repos\opengl_learn\learnopengl\x64\debug\learnopengl.tlog\cl.write.1.tlog
c:\users\94842\source\repos\opengl_learn\learnopengl\x64\debug\learnopengl.tlog\link-cvtres.read.1.tlog
c:\users\94842\source\repos\opengl_learn\learnopengl\x64\debug\learnopengl.tlog\link-cvtres.write.1.tlog
c:\users\94842\source\repos\opengl_learn\learnopengl\x64\debug\learnopengl.tlog\link-rc.read.1.tlog
c:\users\94842\source\repos\opengl_learn\learnopengl\x64\debug\learnopengl.tlog\link-rc.write.1.tlog
c:\users\94842\source\repos\opengl_learn\learnopengl\x64\debug\learnopengl.tlog\link.command.1.tlog
c:\users\94842\source\repos\opengl_learn\learnopengl\x64\debug\learnopengl.tlog\link.read.1.tlog
c:\users\94842\source\repos\opengl_learn\learnopengl\x64\debug\learnopengl.tlog\link.write.1.tlog
